{"timestamp":"2026-04-11T10:45:52.585Z","action":"ticket.deleted","details":{"ticketId":"mnswvng62fwr","title":"Fabrication Status Repeating"}}
{"timestamp":"2026-04-11T14:07:54.604Z","action":"attendance.saved","details":{"date":"2026-04-11","count":27}}
{"timestamp":"2026-04-11T14:22:53.115Z","action":"manpower-plan.saved","details":{"weekStart":"2026-04-05","type":"weekly"}}
{"timestamp":"2026-04-11T15:05:43.927Z","action":"project.updated","details":{"projectId":"bd-21923-shimizu-dnr","jobCode":"BD 21923- SHIMIZU (DNR)"}}
{"timestamp":"2026-04-11T15:05:45.778Z","action":"project.updated","details":{"projectId":"bd-21923-shimizu-dnr","jobCode":"BD 21923- SHIMIZU (DNR)"}}
{"timestamp":"2026-04-11T15:05:46.912Z","action":"project.updated","details":{"projectId":"bd-21923-shimizu-dnr","jobCode":"BD 21923- SHIMIZU (DNR)"}}
{"timestamp":"2026-04-11T15:05:47.482Z","action":"project.updated","details":{"projectId":"bd-21923-shimizu-dnr","jobCode":"BD 21923- SHIMIZU (DNR)"}}
{"timestamp":"2026-04-11T15:05:48.063Z","action":"project.updated","details":{"projectId":"bd-21923-shimizu-dnr","jobCode":"BD 21923- SHIMIZU (DNR)"}}
{"timestamp":"2026-04-11T15:05:48.284Z","action":"project.updated","details":{"projectId":"bd-21923-shimizu-dnr","jobCode":"BD 21923- SHIMIZU (DNR)"}}
{"timestamp":"2026-04-11T15:05:51.565Z","action":"project.updated","details":{"projectId":"bd-21923-shimizu-dnr","jobCode":"BD 21923- SHIMIZU (DNR)"}}
{"timestamp":"2026-04-11T15:05:52.279Z","action":"project.updated","details":{"projectId":"bd-21923-shimizu-dnr","jobCode":"BD 21923- SHIMIZU (DNR)"}}
{"timestamp":"2026-04-11T15:05:55.317Z","action":"project.updated","details":{"projectId":"bd-21923-shimizu-dnr","jobCode":"BD 21923- SHIMIZU (DNR)"}}
{"timestamp":"2026-04-11T15:05:55.836Z","action":"project.updated","details":{"projectId":"bd-21923-shimizu-dnr","jobCode":"BD 21923- SHIMIZU (DNR)"}}
{"timestamp":"2026-04-11T15:05:56.507Z","action":"project.updated","details":{"projectId":"bd-21923-shimizu-dnr","jobCode":"BD 21923- SHIMIZU (DNR)"}}
{"timestamp":"2026-04-11T15:05:57.262Z","action":"project.updated","details":{"projectId":"bd-21923-shimizu-dnr","jobCode":"BD 21923- SHIMIZU (DNR)"}}
{"timestamp":"2026-04-11T15:05:57.967Z","action":"project.updated","details":{"projectId":"bd-21923-shimizu-dnr","jobCode":"BD 21923- SHIMIZU (DNR)"}}
{"timestamp":"2026-04-11T15:06:02.404Z","action":"project.updated","details":{"projectId":"bd-21923-shimizu-dnr","jobCode":"BD 21923- SHIMIZU (DNR)"}}
{"timestamp":"2026-04-11T15:06:03.918Z","action":"project.updated","details":{"projectId":"bd-21923-shimizu-dnr","jobCode":"BD 21923- SHIMIZU (DNR)"}}
{"timestamp":"2026-04-11T15:06:08.433Z","action":"project.updated","details":{"projectId":"bd-21923-shimizu-dnr","jobCode":"BD 21923- SHIMIZU (DNR)"}}
{"ts":"2026-04-11T15:47:44.029Z","event":"manpower-plan.saved","weekStart":"2026-04-05","type":"weekly"}
{"ts":"2026-04-11T16:50:37.589Z","event":"worker.updated","workerId":"wi-elumalai-govindan","name":"Elumalai Govindan"}
{"ts":"2026-04-11T16:51:00.052Z","event":"worker.updated","workerId":"wi-mariyappan-malayandi","name":"Mariyappan Malayandi @ Kuppsamy"}
{"ts":"2026-04-11T16:55:50.362Z","event":"email.sent","to":"Lai Wei Xiang","subject":"New Task: BUDSSSF"}
{"ts":"2026-04-11T16:58:45.718Z","event":"email.sent","to":"Lai Wei Xiang","subject":"New Task: Hello Test"}
{"ts":"2026-04-11T16:59:56.558Z","event":"email.sent","to":"Alex Mac","subject":"New Task: Send Claims"}
{"ts":"2026-04-11T17:02:09.937Z","event":"email.sent","to":"Jun Jie","subject":"New Task: Send DWG"}
{"ts":"2026-04-11T17:09:25.448Z","event":"email.sent","to":"Chris","subject":"New Task: Test 001"}
{"ts":"2026-04-11T17:14:04.974Z","event":"email.sent","to":"Chris","subject":"New Task: Test 002"}
{"ts":"2026-04-11T17:16:00.049Z","event":"email.sent","to":"Lai Wei Xiang","subject":"New Task: TEST 005"}
{"ts":"2026-04-11T17:17:56.730Z","event":"email.sent","to":"Lai Wei Xiang","subject":"New Task: Hallooo"}
{"ts":"2026-04-11T17:18:18.407Z","event":"email.sent","to":"Lai Wei Xiang","subject":"New Task: Test 001"}
{"ts":"2026-04-12T15:58:04.868Z","event":"email.sent","to":"Lai Wei Xiang","subject":"New Task: Fix Tasking"}
{"ts":"2026-04-12T15:58:36.753Z","event":"email.sent","to":"Lai Wei Xiang","subject":"New Task: Send DWG To Client"}
{"ts":"2026-04-12T16:00:04.155Z","event":"email.sent","to":"Lai Wei Xiang","subject":"New Task: giwgiowownroibnbre"}
{"ts":"2026-04-13T00:45:00.011Z","event":"recurring-tasks.created","date":"2026-04-13","count":40,"roles":["Chris","Rena","Alex Mac","Salve","Teo Meei Haw","Jun Jie"]}
{"ts":"2026-04-13T04:28:11.328Z","event":"export.projects","count":17}
{"ts":"2026-04-13T04:33:51.745Z","event":"email.sent","to":"Chris","subject":"New Task: NBngrgr"}
{"ts":"2026-04-13T04:36:09.674Z","event":"email.sent","to":"Lai Wei Xiang","subject":"New Task: fwfwqfgwgweg"}
{"ts":"2026-04-13T06:51:50.387Z","event":"export.projects","count":17}
{"ts":"2026-04-13T06:53:47.567Z","event":"export.projects","count":17}
{"ts":"2026-04-13T06:53:53.406Z","event":"export.projects","count":17}
{"ts":"2026-04-13T12:43:58.771Z","event":"manpower-plan.saved","weekStart":"2026-04-12","type":"weekly"}
{"ts":"2026-04-13T12:45:10.168Z","event":"attendance.saved","date":"2026-04-13","count":1}
{"ts":"2026-04-13T12:45:11.942Z","event":"attendance.saved","date":"2026-04-14","count":1}
{"ts":"2026-04-13T12:52:53.950Z","event":"attendance.saved","date":"2026-04-13","count":2}
{"ts":"2026-04-13T12:54:04.347Z","event":"manpower-plan.saved","weekStart":"2026-04-12","type":"weekly"}
{"ts":"2026-04-13T12:54:33.476Z","event":"manpower-plan.saved","weekStart":"2026-04-12","type":"weekly"}
{"ts":"2026-04-13T12:54:39.203Z","event":"manpower-plan.saved","weekStart":"2026-04-12","type":"weekly"}
{"ts":"2026-04-13T12:54:42.956Z","event":"manpower-plan.saved","weekStart":"2026-04-12","type":"weekly"}
{"ts":"2026-04-13T12:54:46.608Z","event":"manpower-plan.saved","weekStart":"2026-04-12","type":"weekly"}
{"ts":"2026-04-13T12:54:50.263Z","event":"manpower-plan.saved","weekStart":"2026-04-12","type":"weekly"}
{"ts":"2026-04-13T12:54:53.501Z","event":"manpower-plan.saved","weekStart":"2026-04-12","type":"weekly"}
{"ts":"2026-04-13T12:55:13.315Z","event":"manpower-plan.saved","weekStart":"2026-04-12","type":"weekly"}
{"ts":"2026-04-13T12:55:17.797Z","event":"manpower-plan.saved","weekStart":"2026-04-12","type":"weekly"}
{"ts":"2026-04-13T13:04:41.920Z","event":"manpower-plan.saved","weekStart":"2026-04-12","type":"weekly"}
{"ts":"2026-04-13T13:04:46.930Z","event":"manpower-plan.saved","weekStart":"2026-04-12","type":"weekly"}
{"ts":"2026-04-13T13:06:40.456Z","event":"site-request.created","id":"mnx7ic3ro44b","item":"SP400","requestedBy":"Site Engineer"}
{"ts":"2026-04-13T13:40:57.412Z","event":"manpower-plan.saved","weekStart":"2026-04-12","type":"weekly"}
{"ts":"2026-04-13T13:41:06.864Z","event":"manpower-plan.saved","weekStart":"2026-04-12","type":"weekly"}
{"ts":"2026-04-13T13:41:09.667Z","event":"manpower-plan.saved","weekStart":"2026-04-12","type":"weekly"}
{"ts":"2026-04-13T13:47:33.604Z","event":"manpower-plan.saved","weekStart":"2026-04-12","type":"weekly"}
{"ts":"2026-04-13T13:47:45.217Z","event":"manpower-plan.saved","weekStart":"2026-04-12","type":"weekly"}
{"ts":"2026-04-13T13:58:06.640Z","event":"manpower-plan.saved","weekStart":"2026-04-12","type":"weekly"}
{"ts":"2026-04-13T13:58:08.585Z","event":"manpower-plan.saved","weekStart":"2026-04-12","type":"weekly"}
{"ts":"2026-04-13T13:58:09.673Z","event":"manpower-plan.saved","weekStart":"2026-04-12","type":"weekly"}
{"ts":"2026-04-13T13:58:11.150Z","event":"attendance.saved","date":"2026-04-13","count":3}
{"ts":"2026-04-13T13:58:11.229Z","event":"manpower-plan.saved","weekStart":"2026-04-12","type":"weekly"}
{"ts":"2026-04-13T13:58:14.152Z","event":"attendance.saved","date":"2026-04-13","count":3}
{"ts":"2026-04-13T13:58:14.234Z","event":"manpower-plan.saved","weekStart":"2026-04-12","type":"weekly"}
{"ts":"2026-04-13T13:58:17.178Z","event":"manpower-plan.saved","weekStart":"2026-04-12","type":"weekly"}
{"ts":"2026-04-13T13:58:20.595Z","event":"attendance.saved","date":"2026-04-14","count":2}
{"ts":"2026-04-13T13:58:20.680Z","event":"manpower-plan.saved","weekStart":"2026-04-12","type":"weekly"}
{"ts":"2026-04-13T13:58:25.455Z","event":"manpower-plan.saved","weekStart":"2026-04-12","type":"weekly"}
{"ts":"2026-04-13T14:01:14.958Z","event":"manpower-plan.saved","weekStart":"2026-04-12","type":"weekly"}
{"ts":"2026-04-13T14:01:15.703Z","event":"manpower-plan.saved","weekStart":"2026-04-12","type":"weekly"}
{"ts":"2026-04-13T14:02:07.573Z","event":"manpower-plan.saved","weekStart":"2026-04-12","type":"weekly"}
{"ts":"2026-04-13T14:02:09.662Z","event":"attendance.saved","date":"2026-04-13","count":3}
{"ts":"2026-04-13T14:02:09.739Z","event":"manpower-plan.saved","weekStart":"2026-04-12","type":"weekly"}
{"ts":"2026-04-13T14:02:16.417Z","event":"manpower-plan.saved","weekStart":"2026-04-12","type":"weekly"}
{"ts":"2026-04-13T14:15:19.266Z","event":"attendance.saved","date":"2026-04-14","count":1}
{"ts":"2026-04-13T14:15:19.398Z","event":"manpower-plan.saved","weekStart":"2026-04-12","type":"weekly"}
{"ts":"2026-04-13T14:15:20.330Z","event":"attendance.saved","date":"2026-04-13","count":2}
{"ts":"2026-04-13T14:15:20.455Z","event":"manpower-plan.saved","weekStart":"2026-04-12","type":"weekly"}
{"ts":"2026-04-13T14:15:24.773Z","event":"attendance.saved","date":"2026-04-14","count":0}
{"ts":"2026-04-13T14:15:24.909Z","event":"manpower-plan.saved","weekStart":"2026-04-12","type":"weekly"}
{"ts":"2026-04-13T14:15:27.633Z","event":"attendance.saved","date":"2026-04-14","count":1}
{"ts":"2026-04-13T14:15:27.720Z","event":"manpower-plan.saved","weekStart":"2026-04-12","type":"weekly"}
{"ts":"2026-04-13T14:15:29.001Z","event":"attendance.saved","date":"2026-04-14","count":0}
{"ts":"2026-04-13T14:15:29.130Z","event":"manpower-plan.saved","weekStart":"2026-04-12","type":"weekly"}
{"ts":"2026-04-13T14:33:39.839Z","event":"attendance.saved","date":"2026-04-13","count":2}
{"ts":"2026-04-13T14:33:39.916Z","event":"manpower-plan.saved","weekStart":"2026-04-12","type":"weekly"}
{"ts":"2026-04-13T14:41:06.369Z","event":"manpower-plan.saved","weekStart":"2026-04-12","type":"weekly"}
{"ts":"2026-04-13T14:41:13.027Z","event":"manpower-plan.saved","weekStart":"2026-04-12","type":"weekly"}
{"ts":"2026-04-13T14:41:17.658Z","event":"manpower-plan.saved","weekStart":"2026-04-12","type":"weekly"}
{"ts":"2026-04-13T14:41:37.302Z","event":"manpower-plan.saved","weekStart":"2026-04-12","type":"weekly"}
{"ts":"2026-04-13T14:41:41.136Z","event":"manpower-plan.saved","weekStart":"2026-04-12","type":"weekly"}
{"ts":"2026-04-13T14:41:45.155Z","event":"manpower-plan.saved","weekStart":"2026-04-12","type":"weekly"}
{"ts":"2026-04-13T14:41:58.515Z","event":"attendance.saved","date":"2026-04-16","count":1}
{"ts":"2026-04-13T14:41:58.598Z","event":"manpower-plan.saved","weekStart":"2026-04-12","type":"weekly"}
{"ts":"2026-04-13T14:42:00.654Z","event":"attendance.saved","date":"2026-04-16","count":2}
{"ts":"2026-04-13T14:42:00.733Z","event":"manpower-plan.saved","weekStart":"2026-04-12","type":"weekly"}
{"ts":"2026-04-13T16:06:04.004Z","event":"attendance.saved","date":"2026-04-16","count":2}
{"ts":"2026-04-13T16:06:04.087Z","event":"manpower-plan.saved","weekStart":"2026-04-12","type":"weekly"}
{"ts":"2026-04-13T16:06:07.241Z","event":"attendance.saved","date":"2026-04-16","count":2}
{"ts":"2026-04-13T16:06:07.334Z","event":"manpower-plan.saved","weekStart":"2026-04-12","type":"weekly"}
{"ts":"2026-04-13T16:06:26.414Z","event":"attendance.saved","date":"2026-04-12","count":1}
{"ts":"2026-04-13T16:06:26.500Z","event":"manpower-plan.saved","weekStart":"2026-04-12","type":"weekly"}
{"ts":"2026-04-13T16:09:47.322Z","event":"attendance.saved","date":"2026-04-12","count":2}
{"ts":"2026-04-13T16:09:47.407Z","event":"manpower-plan.saved","weekStart":"2026-04-12","type":"weekly"}
{"ts":"2026-04-13T16:13:09.043Z","event":"attendance.saved","date":"2026-04-13","count":3}
{"ts":"2026-04-13T16:13:09.113Z","event":"manpower-plan.saved","weekStart":"2026-04-12","type":"weekly"}
{"ts":"2026-04-13T16:13:10.395Z","event":"manpower-plan.saved","weekStart":"2026-04-12","type":"weekly"}
{"ts":"2026-04-13T16:13:12.298Z","event":"attendance.saved","date":"2026-04-13","count":4}
{"ts":"2026-04-13T16:13:12.413Z","event":"manpower-plan.saved","weekStart":"2026-04-12","type":"weekly"}
{"ts":"2026-04-13T16:13:14.149Z","event":"attendance.saved","date":"2026-04-13","count":5}
{"ts":"2026-04-13T16:13:14.224Z","event":"manpower-plan.saved","weekStart":"2026-04-12","type":"weekly"}
{"ts":"2026-04-13T16:13:15.817Z","event":"attendance.saved","date":"2026-04-13","count":6}
{"ts":"2026-04-13T16:13:15.897Z","event":"manpower-plan.saved","weekStart":"2026-04-12","type":"weekly"}
{"ts":"2026-04-13T16:17:14.048Z","event":"attendance.saved","date":"2026-04-12","count":3}
{"ts":"2026-04-13T16:17:14.139Z","event":"manpower-plan.saved","weekStart":"2026-04-12","type":"weekly"}
{"ts":"2026-04-13T16:19:38.635Z","event":"manpower-plan.saved","weekStart":"2026-04-12","type":"weekly"}
{"ts":"2026-04-13T16:22:00.278Z","event":"manpower-plan.saved","weekStart":"2026-04-12","type":"weekly"}
{"ts":"2026-04-13T16:22:06.479Z","event":"manpower-plan.saved","weekStart":"2026-04-12","type":"weekly"}
{"ts":"2026-04-13T16:22:17.378Z","event":"manpower-plan.saved","weekStart":"2026-04-12","type":"weekly"}
{"ts":"2026-04-13T16:26:26.305Z","event":"manpower-plan.saved","weekStart":"2026-04-12","type":"weekly"}
{"ts":"2026-04-13T16:26:31.039Z","event":"manpower-plan.saved","weekStart":"2026-04-12","type":"weekly"}
{"ts":"2026-04-13T16:30:19.525Z","event":"manpower-plan.saved","weekStart":"2026-04-12","type":"weekly"}
{"ts":"2026-04-13T16:31:10.129Z","event":"manpower-plan.saved","weekStart":"2026-04-12","type":"weekly"}
{"ts":"2026-04-13T16:31:17.700Z","event":"manpower-plan.saved","weekStart":"2026-04-12","type":"weekly"}
{"ts":"2026-04-13T16:31:36.619Z","event":"manpower-plan.saved","weekStart":"2026-04-12","type":"weekly"}
{"ts":"2026-04-13T16:35:42.504Z","event":"manpower-plan.saved","weekStart":"2026-04-12","type":"weekly"}
{"ts":"2026-04-13T16:35:55.326Z","event":"manpower-plan.saved","weekStart":"2026-04-12","type":"weekly"}
{"ts":"2026-04-13T16:46:54.134Z","event":"manpower-plan.saved","weekStart":"2026-04-12","type":"weekly"}
{"ts":"2026-04-13T16:51:41.434Z","event":"attendance.saved","date":"2026-04-12","count":2}
{"ts":"2026-04-13T16:51:41.568Z","event":"manpower-plan.saved","weekStart":"2026-04-12","type":"weekly"}
{"ts":"2026-04-13T16:51:43.113Z","event":"attendance.saved","date":"2026-04-12","count":1}
{"ts":"2026-04-13T16:51:43.237Z","event":"manpower-plan.saved","weekStart":"2026-04-12","type":"weekly"}
{"ts":"2026-04-13T16:51:44.512Z","event":"attendance.saved","date":"2026-04-12","count":0}
{"ts":"2026-04-13T16:51:44.652Z","event":"manpower-plan.saved","weekStart":"2026-04-12","type":"weekly"}
{"ts":"2026-04-13T16:51:46.088Z","event":"manpower-plan.saved","weekStart":"2026-04-12","type":"weekly"}
{"ts":"2026-04-13T17:03:20.847Z","event":"manpower-plan.saved","weekStart":"2026-04-12","type":"weekly"}
{"ts":"2026-04-13T17:06:17.448Z","event":"manpower-plan.saved","weekStart":"2026-04-12","type":"weekly"}
{"ts":"2026-04-13T17:06:31.324Z","event":"manpower-plan.saved","weekStart":"2026-04-12","type":"weekly"}
{"ts":"2026-04-13T17:10:15.904Z","event":"manpower-plan.saved","weekStart":"2026-04-12","type":"weekly"}
{"ts":"2026-04-13T17:10:18.697Z","event":"manpower-plan.saved","weekStart":"2026-04-12","type":"weekly"}
{"ts":"2026-04-13T17:10:20.860Z","event":"manpower-plan.saved","weekStart":"2026-04-12","type":"weekly"}
{"ts":"2026-04-13T17:10:22.584Z","event":"attendance.saved","date":"2026-04-13","count":5}
{"ts":"2026-04-13T17:10:22.719Z","event":"manpower-plan.saved","weekStart":"2026-04-12","type":"weekly"}
{"ts":"2026-04-13T17:10:24.218Z","event":"attendance.saved","date":"2026-04-13","count":4}
{"ts":"2026-04-13T17:10:24.352Z","event":"manpower-plan.saved","weekStart":"2026-04-12","type":"weekly"}
{"ts":"2026-04-13T17:10:26.146Z","event":"attendance.saved","date":"2026-04-13","count":3}
{"ts":"2026-04-13T17:10:26.278Z","event":"manpower-plan.saved","weekStart":"2026-04-12","type":"weekly"}
{"ts":"2026-04-13T17:10:28.596Z","event":"manpower-plan.saved","weekStart":"2026-04-12","type":"weekly"}
{"ts":"2026-04-13T17:10:30.358Z","event":"attendance.saved","date":"2026-04-13","count":2}
{"ts":"2026-04-13T17:10:30.496Z","event":"manpower-plan.saved","weekStart":"2026-04-12","type":"weekly"}
{"ts":"2026-04-13T17:10:33.147Z","event":"manpower-plan.saved","weekStart":"2026-04-12","type":"weekly"}
{"ts":"2026-04-13T17:10:35.921Z","event":"manpower-plan.saved","weekStart":"2026-04-12","type":"weekly"}
{"ts":"2026-04-13T17:10:39.772Z","event":"manpower-plan.saved","weekStart":"2026-04-12","type":"weekly"}
{"ts":"2026-04-13T17:10:41.950Z","event":"manpower-plan.saved","weekStart":"2026-04-12","type":"weekly"}
{"ts":"2026-04-13T17:10:44.305Z","event":"manpower-plan.saved","weekStart":"2026-04-12","type":"weekly"}
{"ts":"2026-04-13T17:10:46.734Z","event":"manpower-plan.saved","weekStart":"2026-04-12","type":"weekly"}
{"ts":"2026-04-13T17:10:49.172Z","event":"attendance.saved","date":"2026-04-16","count":1}
{"ts":"2026-04-13T17:10:49.310Z","event":"manpower-plan.saved","weekStart":"2026-04-12","type":"weekly"}
{"ts":"2026-04-13T17:10:52.264Z","event":"attendance.saved","date":"2026-04-16","count":0}
{"ts":"2026-04-13T17:10:52.394Z","event":"manpower-plan.saved","weekStart":"2026-04-12","type":"weekly"}
{"ts":"2026-04-13T17:10:53.684Z","event":"manpower-plan.saved","weekStart":"2026-04-12","type":"weekly"}
{"ts":"2026-04-13T17:11:07.237Z","event":"attendance.saved","date":"2026-04-12","count":1}
{"ts":"2026-04-13T17:11:07.325Z","event":"manpower-plan.saved","weekStart":"2026-04-12","type":"weekly"}
{"ts":"2026-04-13T17:17:15.836Z","event":"install.updated","projectId":"bd-25225-nakano-st-eng-dc","jobCode":"BD 25225- Nakano (ST Eng DC)","itemIndex":0,"item":"SP30 Fixed Bollard","changes":[{"field":"doneQty","from":0,"to":7}]}
{"ts":"2026-04-13T18:49:30.709Z","event":"export.projects","count":17}
{"ts":"2026-04-14T00:45:00.014Z","event":"recurring-tasks.created","date":"2026-04-14","count":33,"roles":["Chris","Rena","Alex Mac","Salve","Teo Meei Haw","Jun Jie"]}
{"ts":"2026-04-14T01:25:40.475Z","event":"attendance.saved","date":"2026-04-12","count":0}
{"ts":"2026-04-14T01:25:40.603Z","event":"manpower-plan.saved","weekStart":"2026-04-12","type":"weekly"}
{"ts":"2026-04-14T01:25:42.723Z","event":"attendance.saved","date":"2026-04-13","count":1}
{"ts":"2026-04-14T01:25:42.853Z","event":"manpower-plan.saved","weekStart":"2026-04-12","type":"weekly"}
{"ts":"2026-04-14T01:25:43.967Z","event":"attendance.saved","date":"2026-04-13","count":0}
{"ts":"2026-04-14T01:25:44.116Z","event":"manpower-plan.saved","weekStart":"2026-04-12","type":"weekly"}
{"ts":"2026-04-14T01:25:45.616Z","event":"manpower-plan.saved","weekStart":"2026-04-12","type":"weekly"}
{"ts":"2026-04-14T01:25:47.735Z","event":"manpower-plan.saved","weekStart":"2026-04-12","type":"weekly"}
{"ts":"2026-04-14T01:25:49.004Z","event":"manpower-plan.saved","weekStart":"2026-04-12","type":"weekly"}
{"ts":"2026-04-14T01:43:52.154Z","event":"export.projects","count":17}
{"ts":"2026-04-14T01:44:33.019Z","event":"manpower-plan.saved","weekStart":"2026-04-12","type":"weekly"}
{"ts":"2026-04-14T01:44:39.015Z","event":"manpower-plan.saved","weekStart":"2026-04-12","type":"weekly"}
{"ts":"2026-04-14T01:45:20.383Z","event":"attendance.saved","date":"2026-04-12","count":1}
{"ts":"2026-04-14T01:45:20.478Z","event":"manpower-plan.saved","weekStart":"2026-04-12","type":"weekly"}
{"ts":"2026-04-14T01:45:22.664Z","event":"manpower-plan.saved","weekStart":"2026-04-12","type":"weekly"}
{"ts":"2026-04-14T01:54:20.437Z","event":"manpower-plan.saved","weekStart":"2026-04-12","type":"weekly"}
{"ts":"2026-04-14T01:54:23.029Z","event":"manpower-plan.saved","weekStart":"2026-04-12","type":"weekly"}
{"ts":"2026-04-14T02:00:44.270Z","event":"manpower-plan.saved","weekStart":"2026-04-13","type":"weekly"}
{"ts":"2026-04-14T02:00:50.987Z","event":"attendance.saved","date":"2026-04-14","count":1}
{"ts":"2026-04-14T02:00:51.087Z","event":"manpower-plan.saved","weekStart":"2026-04-13","type":"weekly"}
{"ts":"2026-04-14T02:00:55.921Z","event":"attendance.saved","date":"2026-04-13","count":1}
{"ts":"2026-04-14T02:00:56.017Z","event":"manpower-plan.saved","weekStart":"2026-04-13","type":"weekly"}
{"ts":"2026-04-14T02:00:58.255Z","event":"attendance.saved","date":"2026-04-13","count":2}
{"ts":"2026-04-14T02:00:58.325Z","event":"manpower-plan.saved","weekStart":"2026-04-13","type":"weekly"}
{"ts":"2026-04-14T02:01:02.977Z","event":"manpower-plan.saved","weekStart":"2026-04-13","type":"weekly"}
{"ts":"2026-04-14T02:01:06.249Z","event":"manpower-plan.saved","weekStart":"2026-04-13","type":"weekly"}
{"ts":"2026-04-14T02:01:09.367Z","event":"manpower-plan.saved","weekStart":"2026-04-13","type":"weekly"}
{"ts":"2026-04-14T02:01:13.800Z","event":"manpower-plan.saved","weekStart":"2026-04-13","type":"weekly"}
{"ts":"2026-04-14T02:01:17.387Z","event":"manpower-plan.saved","weekStart":"2026-04-13","type":"weekly"}
{"ts":"2026-04-14T02:01:20.515Z","event":"attendance.saved","date":"2026-04-16","count":1}
{"ts":"2026-04-14T02:01:20.605Z","event":"manpower-plan.saved","weekStart":"2026-04-13","type":"weekly"}
{"ts":"2026-04-14T02:36:06.493Z","event":"attendance.saved","date":"2026-04-14","count":2}
{"ts":"2026-04-14T02:36:06.603Z","event":"manpower-plan.saved","weekStart":"2026-04-13","type":"weekly"}
{"ts":"2026-04-14T02:36:08.749Z","event":"attendance.saved","date":"2026-04-14","count":3}
{"ts":"2026-04-14T02:36:08.842Z","event":"manpower-plan.saved","weekStart":"2026-04-13","type":"weekly"}
{"ts":"2026-04-14T02:36:10.160Z","event":"attendance.saved","date":"2026-04-14","count":4}
{"ts":"2026-04-14T02:36:10.247Z","event":"manpower-plan.saved","weekStart":"2026-04-13","type":"weekly"}
{"ts":"2026-04-14T02:36:16.666Z","event":"attendance.saved","date":"2026-04-14","count":3}
{"ts":"2026-04-14T02:36:16.800Z","event":"manpower-plan.saved","weekStart":"2026-04-13","type":"weekly"}
{"ts":"2026-04-14T02:36:18.527Z","event":"manpower-plan.saved","weekStart":"2026-04-13","type":"weekly"}
{"ts":"2026-04-14T02:36:19.536Z","event":"attendance.saved","date":"2026-04-14","count":2}
{"ts":"2026-04-14T02:36:19.660Z","event":"manpower-plan.saved","weekStart":"2026-04-13","type":"weekly"}
{"ts":"2026-04-14T02:36:20.888Z","event":"attendance.saved","date":"2026-04-14","count":1}
{"ts":"2026-04-14T02:36:21.017Z","event":"manpower-plan.saved","weekStart":"2026-04-13","type":"weekly"}
{"ts":"2026-04-14T02:36:21.900Z","event":"attendance.saved","date":"2026-04-14","count":0}
{"ts":"2026-04-14T02:36:22.025Z","event":"manpower-plan.saved","weekStart":"2026-04-13","type":"weekly"}
{"ts":"2026-04-14T02:36:23.060Z","event":"manpower-plan.saved","weekStart":"2026-04-13","type":"weekly"}
{"ts":"2026-04-14T02:36:24.327Z","event":"manpower-plan.saved","weekStart":"2026-04-13","type":"weekly"}
{"ts":"2026-04-14T02:36:26.075Z","event":"attendance.saved","date":"2026-04-13","count":1}
{"ts":"2026-04-14T02:36:26.195Z","event":"manpower-plan.saved","weekStart":"2026-04-13","type":"weekly"}
{"ts":"2026-04-14T02:37:35.740Z","event":"manpower-plan.saved","weekStart":"2026-04-13","type":"weekly"}
{"ts":"2026-04-14T02:37:37.425Z","event":"attendance.saved","date":"2026-04-13","count":0}
{"ts":"2026-04-14T02:37:37.558Z","event":"manpower-plan.saved","weekStart":"2026-04-13","type":"weekly"}
{"ts":"2026-04-14T02:37:48.971Z","event":"manpower-plan.saved","weekStart":"2026-04-13","type":"weekly"}
{"ts":"2026-04-14T02:37:50.292Z","event":"manpower-plan.saved","weekStart":"2026-04-13","type":"weekly"}
{"ts":"2026-04-14T02:37:51.510Z","event":"attendance.saved","date":"2026-04-16","count":0}
{"ts":"2026-04-14T02:37:51.644Z","event":"manpower-plan.saved","weekStart":"2026-04-13","type":"weekly"}
{"ts":"2026-04-14T02:51:23.226Z","event":"manpower-plan.saved","weekStart":"2026-04-13","type":"weekly"}
{"ts":"2026-04-14T02:51:25.130Z","event":"manpower-plan.saved","weekStart":"2026-04-13","type":"weekly"}
{"ts":"2026-04-14T02:51:31.624Z","event":"manpower-plan.saved","weekStart":"2026-04-13","type":"weekly"}
{"ts":"2026-04-14T02:51:32.905Z","event":"manpower-plan.saved","weekStart":"2026-04-13","type":"weekly"}
{"ts":"2026-04-14T02:53:03.509Z","event":"manpower-plan.saved","weekStart":"2026-04-13","type":"weekly"}
{"ts":"2026-04-14T02:53:03.600Z","event":"attendance.saved","date":"2026-04-13","count":1}
{"ts":"2026-04-14T02:53:06.039Z","event":"attendance.saved","date":"2026-04-14","count":1}
{"ts":"2026-04-14T02:53:06.121Z","event":"manpower-plan.saved","weekStart":"2026-04-13","type":"weekly"}
{"ts":"2026-04-14T02:53:07.962Z","event":"attendance.saved","date":"2026-04-14","count":2}
{"ts":"2026-04-14T02:53:08.053Z","event":"manpower-plan.saved","weekStart":"2026-04-13","type":"weekly"}
{"ts":"2026-04-14T02:53:09.771Z","event":"attendance.saved","date":"2026-04-14","count":3}
{"ts":"2026-04-14T02:53:09.871Z","event":"manpower-plan.saved","weekStart":"2026-04-13","type":"weekly"}
{"ts":"2026-04-14T02:53:11.431Z","event":"attendance.saved","date":"2026-04-14","count":3}
{"ts":"2026-04-14T02:53:11.522Z","event":"manpower-plan.saved","weekStart":"2026-04-13","type":"weekly"}
{"ts":"2026-04-14T02:53:18.548Z","event":"manpower-plan.saved","weekStart":"2026-04-13","type":"weekly"}
{"ts":"2026-04-14T02:54:33.724Z","event":"attendance.saved","date":"2026-04-14","count":2}
{"ts":"2026-04-14T02:54:33.851Z","event":"manpower-plan.saved","weekStart":"2026-04-13","type":"weekly"}
{"ts":"2026-04-14T02:54:34.804Z","event":"attendance.saved","date":"2026-04-14","count":1}
{"ts":"2026-04-14T02:54:34.929Z","event":"manpower-plan.saved","weekStart":"2026-04-13","type":"weekly"}
{"ts":"2026-04-14T02:54:36.033Z","event":"manpower-plan.saved","weekStart":"2026-04-13","type":"weekly"}
{"ts":"2026-04-14T02:54:37.032Z","event":"attendance.saved","date":"2026-04-14","count":0}
{"ts":"2026-04-14T02:54:37.163Z","event":"manpower-plan.saved","weekStart":"2026-04-13","type":"weekly"}
{"ts":"2026-04-14T02:54:38.217Z","event":"attendance.saved","date":"2026-04-13","count":0}
{"ts":"2026-04-14T02:54:38.349Z","event":"manpower-plan.saved","weekStart":"2026-04-13","type":"weekly"}
{"ts":"2026-04-14T02:54:41.414Z","event":"attendance.saved","date":"2026-04-14","count":1}
{"ts":"2026-04-14T02:54:41.503Z","event":"manpower-plan.saved","weekStart":"2026-04-13","type":"weekly"}
{"ts":"2026-04-14T02:54:45.213Z","event":"manpower-plan.saved","weekStart":"2026-04-13","type":"weekly"}
{"ts":"2026-04-14T02:54:49.448Z","event":"manpower-plan.saved","weekStart":"2026-04-13","type":"weekly"}
{"ts":"2026-04-14T02:55:07.828Z","event":"manpower-plan.saved","weekStart":"2026-04-13","type":"weekly"}
{"ts":"2026-04-14T02:55:21.464Z","event":"attendance.saved","date":"2026-04-14","count":0}
{"ts":"2026-04-14T02:55:21.598Z","event":"manpower-plan.saved","weekStart":"2026-04-13","type":"weekly"}
{"ts":"2026-04-14T02:55:24.844Z","event":"manpower-plan.saved","weekStart":"2026-04-13","type":"weekly"}
{"ts":"2026-04-14T02:55:25.778Z","event":"manpower-plan.saved","weekStart":"2026-04-13","type":"weekly"}
{"ts":"2026-04-14T02:55:26.730Z","event":"manpower-plan.saved","weekStart":"2026-04-13","type":"weekly"}
{"ts":"2026-04-14T04:17:43.207Z","event":"install.updated","projectId":"bd-25225-nakano-st-eng-dc","jobCode":"BD 25225- Nakano (ST Eng DC)","itemIndex":0,"item":"SP30 Fixed Bollard","changes":[{"field":"doneQty","from":7,"to":0}]}
