{"ts":"2026-04-13T00:45:01.076Z","event":"email.send.graphapi","error":"Graph API 429 Too Many Requests — {\"error\":{\"code\":\"ApplicationThrottled\",\"message\":\"Application is over its MailboxConcurrency limit.\"}}","to":"laiwx@laiyewseng.com.sg","subject":"Your tasks for Monday, 13 April 2026 — LYS Ops Tracker","status":429}
{"ts":"2026-04-13T00:45:01.123Z","event":"email.send.graphapi","error":"Graph API 429 Too Many Requests — {\"error\":{\"code\":\"ApplicationThrottled\",\"message\":\"Application is over its MailboxConcurrency limit.\"}}","to":"laiwx@laiyewseng.com.sg","subject":"Your tasks for Monday, 13 April 2026 — LYS Ops Tracker","status":429}
{"ts":"2026-04-14T00:45:00.664Z","event":"email.send.graphapi","error":"Graph API 429 Too Many Requests — {\"error\":{\"code\":\"ApplicationThrottled\",\"message\":\"Application is over its MailboxConcurrency limit.\"}}","to":"laiwx@laiyewseng.com.sg","subject":"Good morning Alex — Your tasks for Tuesday, 14 April 2026","status":429}
{"ts":"2026-04-14T00:45:00.670Z","event":"email.send.graphapi","error":"Graph API 429 Too Many Requests — {\"error\":{\"code\":\"ApplicationThrottled\",\"message\":\"Application is over its MailboxConcurrency limit.\"}}","to":"laiwx@laiyewseng.com.sg","subject":"Good morning Chris — Your tasks for Tuesday, 14 April 2026","status":429}
{"ts":"2026-04-14T16:14:42.177Z","event":"email.send.graphapi","error":"Graph API 429 Too Many Requests — {\"error\":{\"code\":\"ApplicationThrottled\",\"message\":\"Application is over its MailboxConcurrency limit.\"}}","to":"laiwx@laiyewseng.com.sg","subject":"Good morning Alex — Your tasks for Wednesday, 15 April 2026","status":429}
{"ts":"2026-04-14T16:14:42.178Z","event":"email.send.graphapi","error":"Graph API 429 Too Many Requests — {\"error\":{\"code\":\"ApplicationThrottled\",\"message\":\"Application is over its MailboxConcurrency limit.\"}}","to":"laiwx@laiyewseng.com.sg","subject":"Good morning Chris — Your tasks for Wednesday, 15 April 2026","status":429}
{"ts":"2026-04-14T16:14:42.185Z","event":"email.send.graphapi","error":"Graph API 429 Too Many Requests — {\"error\":{\"code\":\"ApplicationThrottled\",\"message\":\"Application is over its MailboxConcurrency limit.\"}}","to":"laiwx@laiyewseng.com.sg","subject":"Good morning Jun — Your tasks for Wednesday, 15 April 2026","status":429}
{"ts":"2026-04-15T00:45:00.449Z","event":"email.send.graphapi","error":"Graph API 429 Too Many Requests — {\"error\":{\"code\":\"ApplicationThrottled\",\"message\":\"Application is over its MailboxConcurrency limit.\"}}","to":"laiwx@laiyewseng.com.sg","subject":"Good morning Jun — Your tasks for Wednesday, 15 April 2026","status":429}
{"ts":"2026-04-15T00:45:00.456Z","event":"email.send.graphapi","error":"Graph API 429 Too Many Requests — {\"error\":{\"code\":\"ApplicationThrottled\",\"message\":\"Application is over its MailboxConcurrency limit.\"}}","to":"laiwx@laiyewseng.com.sg","subject":"Good morning Janessa — Your tasks for Wednesday, 15 April 2026","status":429}
{"ts":"2026-04-15T00:45:00.582Z","event":"email.send.graphapi","error":"Graph API 429 Too Many Requests — {\"error\":{\"code\":\"ApplicationThrottled\",\"message\":\"Application is over its MailboxConcurrency limit.\"}}","to":"laiwx@laiyewseng.com.sg","subject":"Good morning Rena — Your tasks for Wednesday, 15 April 2026","status":429}
{"ts":"2026-04-19T14:28:45.141Z","event":"calendar.create","error":"429 Too Many Requests","targetEmail":"laiwx@laiyewseng.com.sg","subject":"[TEST — would go to chris@laiyewseng.com.sg] [Task] Audit test task"}
{"ts":"2026-04-19T14:34:14.508Z","event":"calendar.create","error":"429 Too Many Requests","targetEmail":"laiwx@laiyewseng.com.sg","subject":"[TEST — would go to chris@laiyewseng.com.sg] [Task] Audit test task"}
{"ts":"2026-04-19T14:36:52.234Z","event":"calendar.create","error":"429 Too Many Requests","targetEmail":"laiwx@laiyewseng.com.sg","subject":"[TEST — would go to chris@laiyewseng.com.sg] [Task] Audit test task"}
{"ts":"2026-04-20T00:45:00.015Z","event":"cron.daily-recurring","error":"people is not defined"}
{"ts":"2026-04-20T10:57:06.370Z","event":"uncaughtException","error":"listen EADDRINUSE: address already in use :::3000"}
{"ts":"2026-04-20T10:57:11.627Z","event":"uncaughtException","error":"listen EADDRINUSE: address already in use :::3000"}
{"ts":"2026-04-20T10:57:16.863Z","event":"uncaughtException","error":"listen EADDRINUSE: address already in use :::3000"}
{"ts":"2026-04-20T10:57:22.647Z","event":"uncaughtException","error":"listen EADDRINUSE: address already in use :::3000"}
{"ts":"2026-04-20T10:57:28.158Z","event":"uncaughtException","error":"listen EADDRINUSE: address already in use :::3000"}
{"ts":"2026-04-20T10:57:33.610Z","event":"uncaughtException","error":"listen EADDRINUSE: address already in use :::3000"}
{"ts":"2026-04-20T10:57:38.866Z","event":"uncaughtException","error":"listen EADDRINUSE: address already in use :::3000"}
{"ts":"2026-04-20T10:57:44.123Z","event":"uncaughtException","error":"listen EADDRINUSE: address already in use :::3000"}
{"ts":"2026-04-20T10:57:49.366Z","event":"uncaughtException","error":"listen EADDRINUSE: address already in use :::3000"}
{"ts":"2026-04-20T10:57:54.620Z","event":"uncaughtException","error":"listen EADDRINUSE: address already in use :::3000"}
{"ts":"2026-04-20T10:57:59.857Z","event":"uncaughtException","error":"listen EADDRINUSE: address already in use :::3000"}
{"ts":"2026-04-20T10:58:05.121Z","event":"uncaughtException","error":"listen EADDRINUSE: address already in use :::3000"}
{"ts":"2026-04-20T10:58:10.354Z","event":"uncaughtException","error":"listen EADDRINUSE: address already in use :::3000"}
{"ts":"2026-04-20T10:58:15.631Z","event":"uncaughtException","error":"listen EADDRINUSE: address already in use :::3000"}
{"ts":"2026-04-20T10:58:21.142Z","event":"uncaughtException","error":"listen EADDRINUSE: address already in use :::3000"}
{"ts":"2026-04-20T10:58:26.624Z","event":"uncaughtException","error":"listen EADDRINUSE: address already in use :::3000"}
{"ts":"2026-04-20T10:58:31.858Z","event":"uncaughtException","error":"listen EADDRINUSE: address already in use :::3000"}
{"ts":"2026-04-20T10:58:37.121Z","event":"uncaughtException","error":"listen EADDRINUSE: address already in use :::3000"}
{"ts":"2026-04-20T10:58:42.376Z","event":"uncaughtException","error":"listen EADDRINUSE: address already in use :::3000"}
{"ts":"2026-04-20T10:58:47.639Z","event":"uncaughtException","error":"listen EADDRINUSE: address already in use :::3000"}
{"ts":"2026-04-20T10:58:53.109Z","event":"uncaughtException","error":"listen EADDRINUSE: address already in use :::3000"}
{"ts":"2026-04-20T10:58:58.378Z","event":"uncaughtException","error":"listen EADDRINUSE: address already in use :::3000"}
{"ts":"2026-04-20T10:59:03.875Z","event":"uncaughtException","error":"listen EADDRINUSE: address already in use :::3000"}
{"ts":"2026-04-20T10:59:09.114Z","event":"uncaughtException","error":"listen EADDRINUSE: address already in use :::3000"}
{"ts":"2026-04-20T10:59:14.400Z","event":"uncaughtException","error":"listen EADDRINUSE: address already in use :::3000"}
{"ts":"2026-04-20T10:59:19.872Z","event":"uncaughtException","error":"listen EADDRINUSE: address already in use :::3000"}
{"ts":"2026-04-20T10:59:25.108Z","event":"uncaughtException","error":"listen EADDRINUSE: address already in use :::3000"}
{"ts":"2026-04-20T10:59:30.363Z","event":"uncaughtException","error":"listen EADDRINUSE: address already in use :::3000"}
{"ts":"2026-04-20T10:59:35.626Z","event":"uncaughtException","error":"listen EADDRINUSE: address already in use :::3000"}
{"ts":"2026-04-20T10:59:40.856Z","event":"uncaughtException","error":"listen EADDRINUSE: address already in use :::3000"}
{"ts":"2026-04-20T10:59:46.115Z","event":"uncaughtException","error":"listen EADDRINUSE: address already in use :::3000"}
{"ts":"2026-04-20T10:59:51.362Z","event":"uncaughtException","error":"listen EADDRINUSE: address already in use :::3000"}
{"ts":"2026-04-20T10:59:56.615Z","event":"uncaughtException","error":"listen EADDRINUSE: address already in use :::3000"}
{"ts":"2026-04-20T11:00:02.238Z","event":"uncaughtException","error":"listen EADDRINUSE: address already in use :::3000"}
{"ts":"2026-04-20T11:00:07.628Z","event":"uncaughtException","error":"listen EADDRINUSE: address already in use :::3000"}
{"ts":"2026-04-20T11:00:13.129Z","event":"uncaughtException","error":"listen EADDRINUSE: address already in use :::3000"}
{"ts":"2026-04-20T11:00:18.358Z","event":"uncaughtException","error":"listen EADDRINUSE: address already in use :::3000"}
{"ts":"2026-04-20T11:00:23.619Z","event":"uncaughtException","error":"listen EADDRINUSE: address already in use :::3000"}
{"ts":"2026-04-20T11:00:29.226Z","event":"uncaughtException","error":"listen EADDRINUSE: address already in use :::3000"}
{"ts":"2026-04-20T11:00:34.629Z","event":"uncaughtException","error":"listen EADDRINUSE: address already in use :::3000"}
{"ts":"2026-04-20T11:00:40.109Z","event":"uncaughtException","error":"listen EADDRINUSE: address already in use :::3000"}
{"ts":"2026-04-20T11:00:45.381Z","event":"uncaughtException","error":"listen EADDRINUSE: address already in use :::3000"}
{"ts":"2026-04-20T11:00:50.867Z","event":"uncaughtException","error":"listen EADDRINUSE: address already in use :::3000"}
{"ts":"2026-04-20T11:00:56.118Z","event":"uncaughtException","error":"listen EADDRINUSE: address already in use :::3000"}
{"ts":"2026-04-20T11:01:01.379Z","event":"uncaughtException","error":"listen EADDRINUSE: address already in use :::3000"}
{"ts":"2026-04-20T11:01:06.877Z","event":"uncaughtException","error":"listen EADDRINUSE: address already in use :::3000"}
{"ts":"2026-04-20T11:01:12.111Z","event":"uncaughtException","error":"listen EADDRINUSE: address already in use :::3000"}
{"ts":"2026-04-20T11:01:17.346Z","event":"uncaughtException","error":"listen EADDRINUSE: address already in use :::3000"}
{"ts":"2026-04-20T11:01:22.630Z","event":"uncaughtException","error":"listen EADDRINUSE: address already in use :::3000"}
{"ts":"2026-04-20T11:01:28.115Z","event":"uncaughtException","error":"listen EADDRINUSE: address already in use :::3000"}
{"ts":"2026-04-20T11:01:33.376Z","event":"uncaughtException","error":"listen EADDRINUSE: address already in use :::3000"}
{"ts":"2026-04-20T11:01:38.626Z","event":"uncaughtException","error":"listen EADDRINUSE: address already in use :::3000"}
{"ts":"2026-04-20T11:01:43.870Z","event":"uncaughtException","error":"listen EADDRINUSE: address already in use :::3000"}
{"ts":"2026-04-20T11:01:49.099Z","event":"uncaughtException","error":"listen EADDRINUSE: address already in use :::3000"}
{"ts":"2026-04-20T11:01:54.349Z","event":"uncaughtException","error":"listen EADDRINUSE: address already in use :::3000"}
{"ts":"2026-04-20T11:01:59.618Z","event":"uncaughtException","error":"listen EADDRINUSE: address already in use :::3000"}
{"ts":"2026-04-20T11:02:04.848Z","event":"uncaughtException","error":"listen EADDRINUSE: address already in use :::3000"}
{"ts":"2026-04-20T11:02:10.138Z","event":"uncaughtException","error":"listen EADDRINUSE: address already in use :::3000"}
{"ts":"2026-04-20T11:02:15.623Z","event":"uncaughtException","error":"listen EADDRINUSE: address already in use :::3000"}
{"ts":"2026-04-20T11:02:20.867Z","event":"uncaughtException","error":"listen EADDRINUSE: address already in use :::3000"}
{"ts":"2026-04-20T11:02:26.117Z","event":"uncaughtException","error":"listen EADDRINUSE: address already in use :::3000"}
{"ts":"2026-04-20T11:02:31.368Z","event":"uncaughtException","error":"listen EADDRINUSE: address already in use :::3000"}
{"ts":"2026-04-20T11:02:36.619Z","event":"uncaughtException","error":"listen EADDRINUSE: address already in use :::3000"}
{"ts":"2026-04-20T11:02:41.863Z","event":"uncaughtException","error":"listen EADDRINUSE: address already in use :::3000"}
{"ts":"2026-04-20T11:02:47.116Z","event":"uncaughtException","error":"listen EADDRINUSE: address already in use :::3000"}
{"ts":"2026-04-20T11:02:52.365Z","event":"uncaughtException","error":"listen EADDRINUSE: address already in use :::3000"}
{"ts":"2026-04-20T11:02:57.602Z","event":"uncaughtException","error":"listen EADDRINUSE: address already in use :::3000"}
{"ts":"2026-04-20T11:03:02.881Z","event":"uncaughtException","error":"listen EADDRINUSE: address already in use :::3000"}
{"ts":"2026-04-20T11:03:08.409Z","event":"uncaughtException","error":"listen EADDRINUSE: address already in use :::3000"}
{"ts":"2026-04-20T11:03:13.911Z","event":"uncaughtException","error":"listen EADDRINUSE: address already in use :::3000"}
{"ts":"2026-04-20T11:03:19.359Z","event":"uncaughtException","error":"listen EADDRINUSE: address already in use :::3000"}
{"ts":"2026-04-20T11:03:24.615Z","event":"uncaughtException","error":"listen EADDRINUSE: address already in use :::3000"}
{"ts":"2026-04-20T11:03:29.901Z","event":"uncaughtException","error":"listen EADDRINUSE: address already in use :::3000"}
{"ts":"2026-04-20T11:03:35.393Z","event":"uncaughtException","error":"listen EADDRINUSE: address already in use :::3000"}
{"ts":"2026-04-20T11:03:40.855Z","event":"uncaughtException","error":"listen EADDRINUSE: address already in use :::3000"}
{"ts":"2026-04-20T11:03:46.128Z","event":"uncaughtException","error":"listen EADDRINUSE: address already in use :::3000"}
{"ts":"2026-04-20T11:03:51.371Z","event":"uncaughtException","error":"listen EADDRINUSE: address already in use :::3000"}
{"ts":"2026-04-20T11:03:56.615Z","event":"uncaughtException","error":"listen EADDRINUSE: address already in use :::3000"}
{"ts":"2026-04-20T11:04:01.907Z","event":"uncaughtException","error":"listen EADDRINUSE: address already in use :::3000"}
{"ts":"2026-04-20T11:04:07.400Z","event":"uncaughtException","error":"listen EADDRINUSE: address already in use :::3000"}
{"ts":"2026-04-20T11:04:12.853Z","event":"uncaughtException","error":"listen EADDRINUSE: address already in use :::3000"}
{"ts":"2026-04-20T11:04:18.127Z","event":"uncaughtException","error":"listen EADDRINUSE: address already in use :::3000"}
{"ts":"2026-04-20T11:04:23.371Z","event":"uncaughtException","error":"listen EADDRINUSE: address already in use :::3000"}
{"ts":"2026-04-20T11:04:28.592Z","event":"uncaughtException","error":"listen EADDRINUSE: address already in use :::3000"}
{"ts":"2026-04-20T11:04:33.890Z","event":"uncaughtException","error":"listen EADDRINUSE: address already in use :::3000"}
{"ts":"2026-04-20T11:04:39.347Z","event":"uncaughtException","error":"listen EADDRINUSE: address already in use :::3000"}
{"ts":"2026-04-20T11:04:44.624Z","event":"uncaughtException","error":"listen EADDRINUSE: address already in use :::3000"}
{"ts":"2026-04-20T11:04:49.866Z","event":"uncaughtException","error":"listen EADDRINUSE: address already in use :::3000"}
{"ts":"2026-04-20T11:04:55.114Z","event":"uncaughtException","error":"listen EADDRINUSE: address already in use :::3000"}
{"ts":"2026-04-20T11:05:00.386Z","event":"uncaughtException","error":"listen EADDRINUSE: address already in use :::3000"}
{"ts":"2026-04-20T11:05:05.874Z","event":"uncaughtException","error":"listen EADDRINUSE: address already in use :::3000"}
{"ts":"2026-04-20T11:05:11.113Z","event":"uncaughtException","error":"listen EADDRINUSE: address already in use :::3000"}
{"ts":"2026-04-20T11:05:16.359Z","event":"uncaughtException","error":"listen EADDRINUSE: address already in use :::3000"}
{"ts":"2026-04-20T11:05:21.603Z","event":"uncaughtException","error":"listen EADDRINUSE: address already in use :::3000"}
{"ts":"2026-04-20T11:05:26.856Z","event":"uncaughtException","error":"listen EADDRINUSE: address already in use :::3000"}
{"ts":"2026-04-20T11:05:32.104Z","event":"uncaughtException","error":"listen EADDRINUSE: address already in use :::3000"}
{"ts":"2026-04-20T11:05:37.352Z","event":"uncaughtException","error":"listen EADDRINUSE: address already in use :::3000"}
{"ts":"2026-04-20T11:05:42.625Z","event":"uncaughtException","error":"listen EADDRINUSE: address already in use :::3000"}
{"ts":"2026-04-20T11:05:47.872Z","event":"uncaughtException","error":"listen EADDRINUSE: address already in use :::3000"}
{"ts":"2026-04-20T11:05:53.148Z","event":"uncaughtException","error":"listen EADDRINUSE: address already in use :::3000"}
{"ts":"2026-04-20T11:05:58.609Z","event":"uncaughtException","error":"listen EADDRINUSE: address already in use :::3000"}
{"ts":"2026-04-20T11:06:03.871Z","event":"uncaughtException","error":"listen EADDRINUSE: address already in use :::3000"}
{"ts":"2026-04-20T11:06:09.108Z","event":"uncaughtException","error":"listen EADDRINUSE: address already in use :::3000"}
{"ts":"2026-04-20T11:06:14.370Z","event":"uncaughtException","error":"listen EADDRINUSE: address already in use :::3000"}
{"ts":"2026-04-20T11:06:19.618Z","event":"uncaughtException","error":"listen EADDRINUSE: address already in use :::3000"}
{"ts":"2026-04-20T11:06:24.877Z","event":"uncaughtException","error":"listen EADDRINUSE: address already in use :::3000"}
{"ts":"2026-04-20T11:06:30.115Z","event":"uncaughtException","error":"listen EADDRINUSE: address already in use :::3000"}
{"ts":"2026-04-20T11:06:35.364Z","event":"uncaughtException","error":"listen EADDRINUSE: address already in use :::3000"}
{"ts":"2026-04-20T11:06:40.606Z","event":"uncaughtException","error":"listen EADDRINUSE: address already in use :::3000"}
{"ts":"2026-04-20T11:06:45.849Z","event":"uncaughtException","error":"listen EADDRINUSE: address already in use :::3000"}
{"ts":"2026-04-20T11:06:51.108Z","event":"uncaughtException","error":"listen EADDRINUSE: address already in use :::3000"}
{"ts":"2026-04-20T11:06:56.363Z","event":"uncaughtException","error":"listen EADDRINUSE: address already in use :::3000"}
{"ts":"2026-04-20T11:07:01.647Z","event":"uncaughtException","error":"listen EADDRINUSE: address already in use :::3000"}
{"ts":"2026-04-20T11:07:07.119Z","event":"uncaughtException","error":"listen EADDRINUSE: address already in use :::3000"}
{"ts":"2026-04-20T11:07:12.351Z","event":"uncaughtException","error":"listen EADDRINUSE: address already in use :::3000"}
{"ts":"2026-04-20T11:07:17.609Z","event":"uncaughtException","error":"listen EADDRINUSE: address already in use :::3000"}
{"ts":"2026-04-20T11:07:22.862Z","event":"uncaughtException","error":"listen EADDRINUSE: address already in use :::3000"}
{"ts":"2026-04-20T11:07:28.109Z","event":"uncaughtException","error":"listen EADDRINUSE: address already in use :::3000"}
{"ts":"2026-04-20T11:07:33.372Z","event":"uncaughtException","error":"listen EADDRINUSE: address already in use :::3000"}
{"ts":"2026-04-20T11:07:38.609Z","event":"uncaughtException","error":"listen EADDRINUSE: address already in use :::3000"}
{"ts":"2026-04-20T11:07:43.865Z","event":"uncaughtException","error":"listen EADDRINUSE: address already in use :::3000"}
{"ts":"2026-04-20T11:07:49.105Z","event":"uncaughtException","error":"listen EADDRINUSE: address already in use :::3000"}
{"ts":"2026-04-20T11:07:54.370Z","event":"uncaughtException","error":"listen EADDRINUSE: address already in use :::3000"}
{"ts":"2026-04-20T11:07:59.620Z","event":"uncaughtException","error":"listen EADDRINUSE: address already in use :::3000"}
{"ts":"2026-04-20T11:08:04.880Z","event":"uncaughtException","error":"listen EADDRINUSE: address already in use :::3000"}
{"ts":"2026-04-20T11:08:10.105Z","event":"uncaughtException","error":"listen EADDRINUSE: address already in use :::3000"}
{"ts":"2026-04-20T11:08:15.358Z","event":"uncaughtException","error":"listen EADDRINUSE: address already in use :::3000"}
{"ts":"2026-04-20T11:08:20.611Z","event":"uncaughtException","error":"listen EADDRINUSE: address already in use :::3000"}
{"ts":"2026-04-20T11:08:25.863Z","event":"uncaughtException","error":"listen EADDRINUSE: address already in use :::3000"}
{"ts":"2026-04-20T11:08:31.139Z","event":"uncaughtException","error":"listen EADDRINUSE: address already in use :::3000"}
{"ts":"2026-04-20T11:08:36.618Z","event":"uncaughtException","error":"listen EADDRINUSE: address already in use :::3000"}
{"ts":"2026-04-20T11:08:41.864Z","event":"uncaughtException","error":"listen EADDRINUSE: address already in use :::3000"}
{"ts":"2026-04-20T11:08:47.117Z","event":"uncaughtException","error":"listen EADDRINUSE: address already in use :::3000"}
{"ts":"2026-04-20T11:08:52.349Z","event":"uncaughtException","error":"listen EADDRINUSE: address already in use :::3000"}
{"ts":"2026-04-20T11:08:57.612Z","event":"uncaughtException","error":"listen EADDRINUSE: address already in use :::3000"}
{"ts":"2026-04-20T11:09:02.948Z","event":"uncaughtException","error":"listen EADDRINUSE: address already in use :::3000"}
{"ts":"2026-04-20T11:09:08.395Z","event":"uncaughtException","error":"listen EADDRINUSE: address already in use :::3000"}
{"ts":"2026-04-20T11:09:13.861Z","event":"uncaughtException","error":"listen EADDRINUSE: address already in use :::3000"}
{"ts":"2026-04-20T11:09:19.134Z","event":"uncaughtException","error":"listen EADDRINUSE: address already in use :::3000"}
{"ts":"2026-04-20T11:09:24.603Z","event":"uncaughtException","error":"listen EADDRINUSE: address already in use :::3000"}
{"ts":"2026-04-20T11:09:29.864Z","event":"uncaughtException","error":"listen EADDRINUSE: address already in use :::3000"}
{"ts":"2026-04-20T11:09:35.106Z","event":"uncaughtException","error":"listen EADDRINUSE: address already in use :::3000"}
{"ts":"2026-04-20T11:09:40.351Z","event":"uncaughtException","error":"listen EADDRINUSE: address already in use :::3000"}
{"ts":"2026-04-20T11:09:45.612Z","event":"uncaughtException","error":"listen EADDRINUSE: address already in use :::3000"}
{"ts":"2026-04-20T11:09:50.847Z","event":"uncaughtException","error":"listen EADDRINUSE: address already in use :::3000"}
{"ts":"2026-04-20T11:09:56.111Z","event":"uncaughtException","error":"listen EADDRINUSE: address already in use :::3000"}
{"ts":"2026-04-20T11:09:57.902Z","event":"uncaughtException","error":"listen EADDRINUSE: address already in use :::3000"}
{"ts":"2026-04-20T11:10:01.369Z","event":"uncaughtException","error":"listen EADDRINUSE: address already in use :::3000"}
{"ts":"2026-04-20T11:10:06.623Z","event":"uncaughtException","error":"listen EADDRINUSE: address already in use :::3000"}
{"ts":"2026-04-20T11:10:43.245Z","event":"uncaughtException","error":"listen EADDRINUSE: address already in use :::3000"}
{"ts":"2026-04-20T11:10:48.605Z","event":"uncaughtException","error":"listen EADDRINUSE: address already in use :::3000"}
{"ts":"2026-04-20T11:10:53.906Z","event":"uncaughtException","error":"listen EADDRINUSE: address already in use :::3000"}
{"ts":"2026-04-20T11:10:59.371Z","event":"uncaughtException","error":"listen EADDRINUSE: address already in use :::3000"}
{"ts":"2026-04-20T11:11:04.688Z","event":"uncaughtException","error":"listen EADDRINUSE: address already in use :::3000"}
{"ts":"2026-04-20T11:11:10.105Z","event":"uncaughtException","error":"listen EADDRINUSE: address already in use :::3000"}
{"ts":"2026-04-20T11:11:15.358Z","event":"uncaughtException","error":"listen EADDRINUSE: address already in use :::3000"}
{"ts":"2026-04-20T11:11:20.636Z","event":"uncaughtException","error":"listen EADDRINUSE: address already in use :::3000"}
{"ts":"2026-04-20T11:11:26.114Z","event":"uncaughtException","error":"listen EADDRINUSE: address already in use :::3000"}
{"ts":"2026-04-20T11:11:31.354Z","event":"uncaughtException","error":"listen EADDRINUSE: address already in use :::3000"}
{"ts":"2026-04-20T11:11:36.606Z","event":"uncaughtException","error":"listen EADDRINUSE: address already in use :::3000"}
{"ts":"2026-04-20T11:11:41.846Z","event":"uncaughtException","error":"listen EADDRINUSE: address already in use :::3000"}
{"ts":"2026-04-20T11:11:47.113Z","event":"uncaughtException","error":"listen EADDRINUSE: address already in use :::3000"}
{"ts":"2026-04-20T11:11:52.351Z","event":"uncaughtException","error":"listen EADDRINUSE: address already in use :::3000"}
{"ts":"2026-04-20T11:11:57.648Z","event":"uncaughtException","error":"listen EADDRINUSE: address already in use :::3000"}
{"ts":"2026-04-20T11:12:03.134Z","event":"uncaughtException","error":"listen EADDRINUSE: address already in use :::3000"}
{"ts":"2026-04-20T11:12:08.631Z","event":"uncaughtException","error":"listen EADDRINUSE: address already in use :::3000"}
{"ts":"2026-04-20T11:12:14.108Z","event":"uncaughtException","error":"listen EADDRINUSE: address already in use :::3000"}
{"ts":"2026-04-20T11:12:19.363Z","event":"uncaughtException","error":"listen EADDRINUSE: address already in use :::3000"}
{"ts":"2026-04-20T11:12:24.615Z","event":"uncaughtException","error":"listen EADDRINUSE: address already in use :::3000"}
{"ts":"2026-04-20T11:12:29.866Z","event":"uncaughtException","error":"listen EADDRINUSE: address already in use :::3000"}
{"ts":"2026-04-20T11:12:35.127Z","event":"uncaughtException","error":"listen EADDRINUSE: address already in use :::3000"}
{"ts":"2026-04-20T11:12:40.367Z","event":"uncaughtException","error":"listen EADDRINUSE: address already in use :::3000"}
{"ts":"2026-04-20T11:12:45.619Z","event":"uncaughtException","error":"listen EADDRINUSE: address already in use :::3000"}
{"ts":"2026-04-20T11:12:50.883Z","event":"uncaughtException","error":"listen EADDRINUSE: address already in use :::3000"}
{"ts":"2026-04-20T11:12:56.363Z","event":"uncaughtException","error":"listen EADDRINUSE: address already in use :::3000"}
{"ts":"2026-04-20T11:13:01.660Z","event":"uncaughtException","error":"listen EADDRINUSE: address already in use :::3000"}
{"ts":"2026-04-20T11:13:07.116Z","event":"uncaughtException","error":"listen EADDRINUSE: address already in use :::3000"}
{"ts":"2026-04-20T11:13:12.374Z","event":"uncaughtException","error":"listen EADDRINUSE: address already in use :::3000"}
{"ts":"2026-04-20T11:13:17.599Z","event":"uncaughtException","error":"listen EADDRINUSE: address already in use :::3000"}
{"ts":"2026-04-20T11:13:22.865Z","event":"uncaughtException","error":"listen EADDRINUSE: address already in use :::3000"}
{"ts":"2026-04-20T11:13:28.111Z","event":"uncaughtException","error":"listen EADDRINUSE: address already in use :::3000"}
{"ts":"2026-04-20T11:13:33.373Z","event":"uncaughtException","error":"listen EADDRINUSE: address already in use :::3000"}
{"ts":"2026-04-20T11:13:38.621Z","event":"uncaughtException","error":"listen EADDRINUSE: address already in use :::3000"}
{"ts":"2026-04-20T11:13:43.874Z","event":"uncaughtException","error":"listen EADDRINUSE: address already in use :::3000"}
{"ts":"2026-04-20T11:13:49.099Z","event":"uncaughtException","error":"listen EADDRINUSE: address already in use :::3000"}
{"ts":"2026-04-20T11:13:54.400Z","event":"uncaughtException","error":"listen EADDRINUSE: address already in use :::3000"}
{"ts":"2026-04-20T11:13:59.856Z","event":"uncaughtException","error":"listen EADDRINUSE: address already in use :::3000"}
{"ts":"2026-04-20T11:14:05.102Z","event":"uncaughtException","error":"listen EADDRINUSE: address already in use :::3000"}
{"ts":"2026-04-20T11:14:10.376Z","event":"uncaughtException","error":"listen EADDRINUSE: address already in use :::3000"}
{"ts":"2026-04-20T11:14:15.613Z","event":"uncaughtException","error":"listen EADDRINUSE: address already in use :::3000"}
{"ts":"2026-04-20T11:14:20.158Z","event":"uncaughtException","error":"listen EADDRINUSE: address already in use :::3000"}
{"ts":"2026-04-20T11:14:27.606Z","event":"uncaughtException","error":"listen EADDRINUSE: address already in use :::3000"}
{"ts":"2026-04-20T11:14:34.864Z","event":"uncaughtException","error":"listen EADDRINUSE: address already in use :::3000"}
{"ts":"2026-04-20T11:14:42.124Z","event":"uncaughtException","error":"listen EADDRINUSE: address already in use :::3000"}
{"ts":"2026-04-20T11:14:49.366Z","event":"uncaughtException","error":"listen EADDRINUSE: address already in use :::3000"}
{"ts":"2026-04-20T12:58:04.941Z","event":"uncaughtException","error":"listen EADDRINUSE: address already in use :::3000"}
{"ts":"2026-04-20T12:58:12.355Z","event":"uncaughtException","error":"listen EADDRINUSE: address already in use :::3000"}
{"ts":"2026-04-20T12:58:19.619Z","event":"uncaughtException","error":"listen EADDRINUSE: address already in use :::3000"}
{"ts":"2026-04-20T12:58:26.871Z","event":"uncaughtException","error":"listen EADDRINUSE: address already in use :::3000"}
{"ts":"2026-04-20T12:58:34.099Z","event":"uncaughtException","error":"listen EADDRINUSE: address already in use :::3000"}
{"ts":"2026-04-20T13:00:44.224Z","event":"uncaughtException","error":"listen EADDRINUSE: address already in use :::3000"}
{"ts":"2026-04-20T13:00:51.668Z","event":"uncaughtException","error":"listen EADDRINUSE: address already in use :::3000"}
{"ts":"2026-04-20T13:00:59.104Z","event":"uncaughtException","error":"listen EADDRINUSE: address already in use :::3000"}
{"ts":"2026-04-20T13:01:06.354Z","event":"uncaughtException","error":"listen EADDRINUSE: address already in use :::3000"}
{"ts":"2026-04-20T13:01:13.607Z","event":"uncaughtException","error":"listen EADDRINUSE: address already in use :::3000"}
{"ts":"2026-04-27T16:00:30.602Z","event":"express.unhandled","error":"Only images and PDFs allowed"}
